<?xml version="1.0" encoding="UTF-8"?>
<!-- Generated by org.testng.reporters.JUnitXMLReporter -->
<testsuite hostname="09197013-Sandeep" failures="1" tests="1" name="Test" time="4.608" errors="0" timestamp="10 Sep 2021 01:43:29 GMT">
  <testcase classname="automation.amazon.validatePageTitle" name="validateAppTitle" time="0.026">
    <failure type="java.lang.AssertionError" message="expected [Online Shopping site in India: Shop Online for Mobiles, Books, Watches, Shoes and More - Amazon.in] but found [Amazon.in]">
      <![CDATA[java.lang.AssertionError: expected [Online Shopping site in India: Shop Online for Mobiles, Books, Watches, Shoes and More - Amazon.in] but found [Amazon.in]
	at automation.amazon.validatePageTitle.validateAppTitle(validatePageTitle.java:39)
... Removed 29 stack frames]]>
    </failure>
  </testcase> <!-- validateAppTitle -->
</testsuite> <!-- Test -->
